2025-04-04 06:42:03.706123 - Received CBT.V508.FILE249.PDS from FILE249.XMI 
2025-04-04 06:42:03.707415 - Found $$$#DATE.txt (text/plain) in CBT.V508.FILE249.PDS, moved to PDS/$$$#DATE
2025-04-04 06:42:03.707554 - Found $$DOC.txt (text/plain) in CBT.V508.FILE249.PDS, moved to PDS/$$DOC
2025-04-04 06:42:03.707685 - Found $$NOTE.txt (text/plain) in CBT.V508.FILE249.PDS, moved to PDS/$$NOTE
2025-04-04 06:42:03.707814 - Found $$NOTE1.txt (text/plain) in CBT.V508.FILE249.PDS, moved to PDS/$$NOTE1
2025-04-04 06:42:03.707969 - Found @FILE249.txt (text/plain) in CBT.V508.FILE249.PDS, moved to PDS/@FILE249
2025-04-04 06:42:03.708084 - Found CONVCODE.txt (text/plain) in CBT.V508.FILE249.PDS, moved to PDS/CONVCODE
2025-04-04 06:42:03.708492 - Found ESBA.txt (text/plain) in CBT.V508.FILE249.PDS, moved to PDS/ESBA
2025-04-04 06:42:03.709572 - Found MACLIB.xmi (application/xmit) in CBT.V508.FILE249.PDS, moved to PDS/MACLIB.xmi
2025-04-04 06:42:03.957171 - Received SBGOLOB.FILE249.MACLIB from MACLIB.xmi 
2025-04-04 06:42:03.958052 - Found ALLOC.txt (text/plain) in SBGOLOB.FILE249.MACLIB, moved to MACLIB/ALLOC
2025-04-04 06:42:03.958194 - Found CONVCODE.txt (text/plain) in SBGOLOB.FILE249.MACLIB, moved to MACLIB/CONVCODE
2025-04-04 06:42:03.958334 - Found CONVDAY.txt (text/plain) in SBGOLOB.FILE249.MACLIB, moved to MACLIB/CONVDAY
2025-04-04 06:42:03.958466 - Found CONVHEX.txt (text/plain) in SBGOLOB.FILE249.MACLIB, moved to MACLIB/CONVHEX
2025-04-04 06:42:03.958596 - Found DAYOFWK.txt (text/plain) in SBGOLOB.FILE249.MACLIB, moved to MACLIB/DAYOFWK
2025-04-04 06:42:03.958717 - Found DEPACK.txt (text/plain) in SBGOLOB.FILE249.MACLIB, moved to MACLIB/DEPACK
2025-04-04 06:42:03.958871 - Found DFHIRPD.txt (text/plain) in SBGOLOB.FILE249.MACLIB, moved to MACLIB/DFHIRPD
2025-04-04 06:42:03.959003 - Found DFHIRSDS.txt (text/plain) in SBGOLOB.FILE249.MACLIB, moved to MACLIB/DFHIRSDS
2025-04-04 06:42:03.959122 - Found EFHCRBDS.txt (text/plain) in SBGOLOB.FILE249.MACLIB, moved to MACLIB/EFHCRBDS
2025-04-04 06:42:03.959264 - Found EFHIRPD.txt (text/plain) in SBGOLOB.FILE249.MACLIB, moved to MACLIB/EFHIRPD
2025-04-04 06:42:03.959384 - Found ESBA.txt (text/plain) in SBGOLOB.FILE249.MACLIB, moved to MACLIB/ESBA
2025-04-04 06:42:03.959505 - Found IGGDEBD.txt (text/plain) in SBGOLOB.FILE249.MACLIB, moved to MACLIB/IGGDEBD
2025-04-04 06:42:03.959629 - Found JULDATE.txt (text/plain) in SBGOLOB.FILE249.MACLIB, moved to MACLIB/JULDATE
2025-04-04 06:42:03.959744 - Found SBA.txt (text/plain) in SBGOLOB.FILE249.MACLIB, moved to MACLIB/SBA
2025-04-04 06:42:03.959862 - Found SCANARG.txt (text/plain) in SBGOLOB.FILE249.MACLIB, moved to MACLIB/SCANARG
2025-04-04 06:42:03.959983 - Found SCANARGX.txt (text/plain) in SBGOLOB.FILE249.MACLIB, moved to MACLIB/SCANARGX
2025-04-04 06:42:03.960103 - Found SETM.txt (text/plain) in SBGOLOB.FILE249.MACLIB, moved to MACLIB/SETM
2025-04-04 06:42:03.960250 - Found XFHCRBDS.txt (text/plain) in SBGOLOB.FILE249.MACLIB, moved to MACLIB/XFHCRBDS
2025-04-04 06:42:03.960395 - Found XFHCRB32.txt (text/plain) in SBGOLOB.FILE249.MACLIB, moved to MACLIB/XFHCRB32
2025-04-04 06:42:03.960527 - Found XFHIRPD.txt (text/plain) in SBGOLOB.FILE249.MACLIB, moved to MACLIB/XFHIRPD
2025-04-04 06:42:03.960653 - Found XFHIRSDS.txt (text/plain) in SBGOLOB.FILE249.MACLIB, moved to MACLIB/XFHIRSDS
2025-04-04 06:42:03.961695 - Found PRD.txt (text/plain) in CBT.V508.FILE249.PDS, moved to PDS/PRD
2025-04-04 06:42:03.961821 - Found SETM.txt (text/plain) in CBT.V508.FILE249.PDS, moved to PDS/SETM
2025-04-04 06:42:03.961938 - Found SVC.txt (text/plain) in CBT.V508.FILE249.PDS, moved to PDS/SVC
2025-04-04 06:42:03.962052 - Found TSOBAT.jcl (text/plain) in CBT.V508.FILE249.PDS, moved to PDS/TSOBAT
2025-04-04 06:42:03.962216 - Found UCB.txt (text/plain) in CBT.V508.FILE249.PDS, moved to PDS/UCB
2025-04-04 06:42:03.962332 - Found UCB$.jcl (text/plain) in CBT.V508.FILE249.PDS, moved to PDS/UCB$
2025-04-04 06:42:03.962450 - Found UCBOLD.txt (text/plain) in CBT.V508.FILE249.PDS, moved to PDS/UCBOLD
2025-04-04 06:42:03.962574 - Found UCBSVC.txt (text/plain) in CBT.V508.FILE249.PDS, moved to PDS/UCBSVC
2025-04-04 06:42:03.962687 - Found UCBSVC$.jcl (text/plain) in CBT.V508.FILE249.PDS, moved to PDS/UCBSVC$
2025-04-04 06:42:03.962803 - Found WMOD.txt (text/plain) in CBT.V508.FILE249.PDS, moved to PDS/WMOD
2025-04-04 06:42:03.962910 - Found WMOD$.jcl (text/plain) in CBT.V508.FILE249.PDS, moved to PDS/WMOD$
2025-04-04 06:42:03.963053 - Found WMODCICS.jcl (text/plain) in CBT.V508.FILE249.PDS, moved to PDS/WMODCICS
2025-04-04 06:42:03.963189 - Found WMODCIC1.jcl (text/plain) in CBT.V508.FILE249.PDS, moved to PDS/WMODCIC1
2025-04-04 06:42:03.963319 - Found WMODCIC2.txt (text/plain) in CBT.V508.FILE249.PDS, moved to PDS/WMODCIC2
2025-04-04 06:42:03.963455 - Found WMODTSO.txt (text/plain) in CBT.V508.FILE249.PDS, moved to PDS/WMODTSO
2025-04-04 06:42:03.963589 - Found WMODTSO$.jcl (text/plain) in CBT.V508.FILE249.PDS, moved to PDS/WMODTSO$
2025-04-04 06:42:03.963702 - Found WMODTSO1.txt (text/plain) in CBT.V508.FILE249.PDS, moved to PDS/WMODTSO1
2025-04-04 06:42:03.963825 - Found WMODTSO2.jcl (text/plain) in CBT.V508.FILE249.PDS, moved to PDS/WMODTSO2
2025-04-04 06:42:03.963938 - Found WMOD1.txt (text/plain) in CBT.V508.FILE249.PDS, moved to PDS/WMOD1
2025-04-04 06:42:03.964052 - Found WMOD2.txt (text/plain) in CBT.V508.FILE249.PDS, moved to PDS/WMOD2
